c:\users\admin\documents\visual studio 2013\projects\project3\project3\debug\greensoft.addclient.resources
c:\users\admin\documents\visual studio 2013\projects\project3\project3\debug\greensoft.addfacture.resources
c:\users\admin\documents\visual studio 2013\projects\project3\project3\debug\greensoft.adduser.resources
c:\users\admin\documents\visual studio 2013\projects\project3\project3\debug\greensoft.apropos.resources
c:\users\admin\documents\visual studio 2013\projects\project3\project3\debug\greensoft.banuser.resources
c:\users\admin\documents\visual studio 2013\projects\project3\project3\debug\greensoft.choix.resources
c:\users\admin\documents\visual studio 2013\projects\project3\project3\debug\greensoft.gclient.resources
c:\users\admin\documents\visual studio 2013\projects\project3\project3\debug\greensoft.general.resources
c:\users\admin\documents\visual studio 2013\projects\project3\project3\debug\greensoft.general_agencier.resources
c:\users\admin\documents\visual studio 2013\projects\project3\project3\debug\greensoft.gfacture.resources
c:\users\admin\documents\visual studio 2013\projects\project3\project3\debug\greensoft.guser.resources
c:\users\admin\documents\visual studio 2013\projects\project3\project3\debug\greensoft.login.resources
c:\users\admin\documents\visual studio 2013\projects\project3\project3\debug\greensoft.removeclient.resources
c:\users\admin\documents\visual studio 2013\projects\project3\project3\debug\greensoft.removeuser.resources
c:\users\admin\documents\visual studio 2013\projects\project3\project3\debug\greensoft.searchclient.resources
c:\users\admin\documents\visual studio 2013\projects\project3\project3\debug\greensoft.splash.resources
c:\users\admin\documents\visual studio 2013\projects\project3\project3\debug\greensoft.statistque.resources
c:\users\admin\documents\visual studio 2013\projects\project3\project3\debug\greensoft.updateclient.resources
c:\users\admin\documents\visual studio 2013\projects\project3\project3\debug\greensoft.updatefacture.resources
c:\users\admin\documents\visual studio 2013\projects\project3\project3\debug\greensoft.updateuser.resources
c:\users\admin\documents\visual studio 2013\projects\project3\project3\debug\greensoft.tlog\greensoft.write.1u.tlog
