c:\users\admin\documents\visual studio 2013\projects\project3\project3\debug\vc120.pdb
c:\users\admin\documents\visual studio 2013\projects\project3\project3\debug\statistque.obj
c:\users\admin\documents\visual studio 2013\projects\project3\project3\debug\myform.obj
c:\users\admin\documents\visual studio 2013\projects\project3\project3\debug\.netframework,version=v4.5.assemblyattributes.obj
c:\users\admin\documents\visual studio 2013\projects\project3\debug\project3.exe
c:\users\admin\documents\visual studio 2013\projects\project3\debug\project3.pdb
c:\users\admin\documents\visual studio 2013\projects\project3\project3\debug\project3.tlog\metagen.write.1.tlog
c:\users\admin\documents\visual studio 2013\projects\project3\project3\debug\project3.addclient.resources
c:\users\admin\documents\visual studio 2013\projects\project3\project3\debug\project3.addfacture.resources
c:\users\admin\documents\visual studio 2013\projects\project3\project3\debug\project3.adduser.resources
c:\users\admin\documents\visual studio 2013\projects\project3\project3\debug\project3.apropos.resources
c:\users\admin\documents\visual studio 2013\projects\project3\project3\debug\project3.banuser.resources
c:\users\admin\documents\visual studio 2013\projects\project3\project3\debug\project3.choix.resources
c:\users\admin\documents\visual studio 2013\projects\project3\project3\debug\project3.gclient.resources
c:\users\admin\documents\visual studio 2013\projects\project3\project3\debug\project3.general.resources
c:\users\admin\documents\visual studio 2013\projects\project3\project3\debug\project3.general_agencier.resources
c:\users\admin\documents\visual studio 2013\projects\project3\project3\debug\project3.gfacture.resources
c:\users\admin\documents\visual studio 2013\projects\project3\project3\debug\project3.guser.resources
c:\users\admin\documents\visual studio 2013\projects\project3\project3\debug\project3.login.resources
c:\users\admin\documents\visual studio 2013\projects\project3\project3\debug\project3.removeclient.resources
c:\users\admin\documents\visual studio 2013\projects\project3\project3\debug\project3.removeuser.resources
c:\users\admin\documents\visual studio 2013\projects\project3\project3\debug\project3.searchclient.resources
c:\users\admin\documents\visual studio 2013\projects\project3\project3\debug\project3.splash.resources
c:\users\admin\documents\visual studio 2013\projects\project3\project3\debug\project3.statistque.resources
c:\users\admin\documents\visual studio 2013\projects\project3\project3\debug\project3.updateclient.resources
c:\users\admin\documents\visual studio 2013\projects\project3\project3\debug\project3.updatefacture.resources
c:\users\admin\documents\visual studio 2013\projects\project3\project3\debug\project3.updateuser.resources
c:\users\admin\documents\visual studio 2013\projects\project3\project3\debug\project31.res
c:\users\admin\documents\visual studio 2013\projects\project3\project3\debug\project3.vcxproj.generateresource.cache
c:\users\admin\documents\visual studio 2013\projects\project3\project3\debug\project3.tlog\cl.command.1.tlog
c:\users\admin\documents\visual studio 2013\projects\project3\project3\debug\project3.tlog\cl.read.1.tlog
c:\users\admin\documents\visual studio 2013\projects\project3\project3\debug\project3.tlog\cl.write.1.tlog
c:\users\admin\documents\visual studio 2013\projects\project3\project3\debug\project3.tlog\link.command.1.tlog
c:\users\admin\documents\visual studio 2013\projects\project3\project3\debug\project3.tlog\link.read.1.tlog
c:\users\admin\documents\visual studio 2013\projects\project3\project3\debug\project3.tlog\link.write.1.tlog
c:\users\admin\documents\visual studio 2013\projects\project3\project3\debug\project3.tlog\metagen.read.1.tlog
c:\users\admin\documents\visual studio 2013\projects\project3\project3\debug\project3.tlog\project3.write.1u.tlog
c:\users\admin\documents\visual studio 2013\projects\project3\project3\debug\project3.tlog\rc.command.1.tlog
c:\users\admin\documents\visual studio 2013\projects\project3\project3\debug\project3.tlog\rc.read.1.tlog
c:\users\admin\documents\visual studio 2013\projects\project3\project3\debug\project3.tlog\rc.write.1.tlog
c:\users\admin\documents\visual studio 2013\projects\project3\project3\debug\project3.tlog\devcomponents.dotnetbar2.dll.metagen
c:\users\admin\documents\visual studio 2013\projects\project3\project3\debug\project3.tlog\mysql.data.dll.metagen
c:\users\admin\documents\visual studio 2013\projects\project3\project3\debug\project3.tlog\tzres.dll.bi
